Build started 6/14/2017 10:44:34 PM.
     1>Project "C:\Users\justin\Desktop\pwd\pwd\pwd.vcxproj" on node 2 (Build target(s)).
     1>ClCompile:
         C:\Program Files (x86)\Microsoft Visual Studio 14.0\VC\bin\x86_amd64\CL.exe /c /I"C:\Program Files (x86)\Intel\IntelSGXSDK\include" /I"C:\Program Files (x86)\Intel\IntelSGXSDK\include\tlibc" /I"C:\Program Files (x86)\Intel\IntelSGXSDK\include\stlport" /Zi /nologo /W3 /WX- /Od /D _WINDLL /Gm- /EHsc /MTd /GS /Zc:wchar_t /Zc:forScope /Zc:inline /Fo"x64\Debug\\" /Fd"x64\Debug\vc140.pdb" /Gd /TP /errorReport:prompt challenge_reponse.cpp pwd.cpp record_cache.cpp records.cpp
         challenge_reponse.cpp
     1>challenge_reponse.cpp(143): warning C4267: 'argument': conversion from 'size_t' to 'uint32_t', possible loss of data
     1>challenge_reponse.cpp(158): warning C4267: 'argument': conversion from 'size_t' to 'uint32_t', possible loss of data
     1>challenge_reponse.cpp(568): warning C4267: 'argument': conversion from 'size_t' to 'uint32_t', possible loss of data
         pwd.cpp
     1>c:\users\justin\desktop\pwd\pwd\records.hpp(26): warning C4200: nonstandard extension used: zero-sized array in struct/union
         c:\users\justin\desktop\pwd\pwd\records.hpp(26): note: Cannot generate copy-ctor or copy-assignment operator when UDT contains a zero-sized array
     1>c:\users\justin\desktop\pwd\pwd\records.hpp(204): warning C4244: 'argument': conversion from 'uint64_t' to 'uint32_t', possible loss of data
     1>c:\users\justin\desktop\pwd\pwd\records.hpp(275): warning C4244: 'argument': conversion from 'uint64_t' to 'uint32_t', possible loss of data
         record_cache.cpp
         records.cpp
     1>c:\users\justin\desktop\pwd\pwd\records.hpp(26): warning C4200: nonstandard extension used: zero-sized array in struct/union
         c:\users\justin\desktop\pwd\pwd\records.hpp(26): note: Cannot generate copy-ctor or copy-assignment operator when UDT contains a zero-sized array
     1>c:\users\justin\desktop\pwd\pwd\records.hpp(204): warning C4244: 'argument': conversion from 'uint64_t' to 'uint32_t', possible loss of data
     1>c:\users\justin\desktop\pwd\pwd\records.hpp(275): warning C4244: 'argument': conversion from 'uint64_t' to 'uint32_t', possible loss of data
         Generating Code...
         C:\Program Files (x86)\Microsoft Visual Studio 14.0\VC\bin\x86_amd64\CL.exe /c /I"C:\Program Files (x86)\Intel\IntelSGXSDK\include" /I"C:\Program Files (x86)\Intel\IntelSGXSDK\include\tlibc" /I"C:\Program Files (x86)\Intel\IntelSGXSDK\include\stlport" /Zi /nologo /W3 /WX- /Od /D _WINDLL /Gm- /EHsc /MTd /GS /Zc:wchar_t /Zc:forScope /Zc:inline /Fo"x64\Debug\\" /Fd"x64\Debug\vc140.pdb" /Gd /TC /errorReport:prompt pwd_t.c
         pwd_t.c
       Link:
         C:\Program Files (x86)\Microsoft Visual Studio 14.0\VC\bin\x86_amd64\link.exe /ERRORREPORT:PROMPT /OUT:"C:\Users\justin\Desktop\pwd\x64\Debug\pwd.dll" /INCREMENTAL:NO /NOLOGO /LIBPATH:"C:\Program Files (x86)\Intel\IntelSGXSDK\bin\x64\Debug" sgx_trts.lib sgx_tstdc.lib sgx_tservice.lib sgx_tcrypto.lib sgx_tcxx.lib sgx_tstdcxx.lib sgx_tprotected_fs.lib /NODEFAULTLIB /MANIFEST:NO /Debug /PDB:"C:\Users\justin\Desktop\pwd\x64\Debug\pwd.pdb" /TLBID:1 /NOENTRY /DYNAMICBASE /NXCOMPAT /IMPLIB:"C:\Users\justin\Desktop\pwd\x64\Debug\pwd.lib" /MACHINE:X64 /DLL x64\Debug\challenge_reponse.obj
         x64\Debug\crc64.obj
         x64\Debug\pwd.obj
         x64\Debug\pwd_t.obj
         x64\Debug\records.obj
         x64\Debug\record_cache.obj
         x64\Debug\util.obj
            Creating library C:\Users\justin\Desktop\pwd\x64\Debug\pwd.lib and object C:\Users\justin\Desktop\pwd\x64\Debug\pwd.exp
         pwd.vcxproj -> C:\Users\justin\Desktop\pwd\x64\Debug\pwd.dll
       PostBuildEvent:
         "C:\Program Files (x86)\Intel\IntelSGXSDK\bin\win32\release\sgx_sign.exe" sign -key "C:\Users\justin\Desktop\pwd\pwd\pwd_private.pem" -enclave "C:\Users\justin\Desktop\pwd\x64\Debug\pwd.dll" -out "C:\Users\justin\Desktop\pwd\x64\Debug\pwd.signed.dll" -config "C:\Users\justin\Desktop\pwd\pwd\pwd.config.xml"
         :VCEnd
         <EnclaveConfiguration>
             <ProdID>0</ProdID>
             <ISVSVN>0</ISVSVN>
             <StackMaxSize>0x40000</StackMaxSize>
             <HeapMaxSize>0x5000000</HeapMaxSize>
             <TCSNum>1</TCSNum>
             <TCSPolicy>1</TCSPolicy>
             <DisableDebug>0</DisableDebug>
             <MiscSelect>0</MiscSelect>
             <MiscMask>0xFFFFFFFF</MiscMask>
         </EnclaveConfiguration>
         The required memory is 0x5128000.
         Succeed.
     1>Done Building Project "C:\Users\justin\Desktop\pwd\pwd\pwd.vcxproj" (Build target(s)).

Build succeeded.

Time Elapsed 00:00:01.39
